Using pre-set license
Built from '2021.1/staging' branch; Version is '2021.1.12f1 (afcadd793de6) revision 11520733'; Using compiler version '192528614'; Build Type 'Release'
OS: 'Windows 10 Home; OS build 19041.1052; Version 2004; 64bit' Language: 'zh' Physical Memory: 32628 MB
BatchMode: 1, IsHumanControllingUs: 0, StartBugReporterOnCrash: 0, Is64bit: 1, IsPro: 0

 COMMAND LINE ARGUMENTS:
D:\Program Files (x86)\2021.1.12f1\Editor\Unity.exe
-adb2
-batchMode
-noUpm
-name
AssetImportWorker1
-projectPath
D:/practice/Unity_2D_Game/2D Game 2
-logFile
Logs/AssetImportWorker1.log
-srvPort
64943
Successfully changed project path to: D:/practice/Unity_2D_Game/2D Game 2
D:/practice/Unity_2D_Game/2D Game 2
Using Asset Import Pipeline V2.
Refreshing native plugins compatible for Editor in 322.16 ms, found 4 plugins.
Preloading 0 native plugins for Editor in 0.00 ms.
Initialize engine version: 2021.1.12f1 (afcadd793de6)
[Subsystems] Discovering subsystems at path D:/Program Files (x86)/2021.1.12f1/Editor/Data/Resources/UnitySubsystems
[Subsystems] Discovering subsystems at path D:/practice/Unity_2D_Game/2D Game 2/Assets
GfxDevice: creating device client; threaded=0; jobified=0
Direct3D:
    Version:  Direct3D 11.0 [level 11.1]
    Renderer: NVIDIA GeForce GTX 1050 (ID=0x1c8d)
    Vendor:   NVIDIA
    VRAM:     4019 MB
    Driver:   27.21.14.5771
Initialize mono
Mono path[0] = 'D:/Program Files (x86)/2021.1.12f1/Editor/Data/Managed'
Mono path[1] = 'D:/Program Files (x86)/2021.1.12f1/Editor/Data/MonoBleedingEdge/lib/mono/unityjit'
Mono config path = 'D:/Program Files (x86)/2021.1.12f1/Editor/Data/MonoBleedingEdge/etc'
Using monoOptions --debugger-agent=transport=dt_socket,embedding=1,server=y,suspend=n,address=127.0.0.1:56120
Begin MonoManager ReloadAssembly
Registering precompiled unity dll's ...
Register platform support module: D:/Program Files (x86)/2021.1.12f1/Editor/Data/PlaybackEngines/WebGLSupport/UnityEditor.WebGL.Extensions.dll
Register platform support module: D:/Program Files (x86)/2021.1.12f1/Editor/Data/PlaybackEngines/WindowsStandaloneSupport/UnityEditor.WindowsStandalone.Extensions.dll
Registered in 0.002516 seconds.
Native extension for WindowsStandalone target not found
Native extension for WebGL target not found
Refreshing native plugins compatible for Editor in 242.15 ms, found 4 plugins.
Preloading 0 native plugins for Editor in 0.00 ms.
Mono: successfully reloaded assembly
- Completed reload, in  4.123 seconds
Domain Reload Profiling:
	ReloadAssembly (4123ms)
		BeginReloadAssembly (112ms)
			ExecutionOrderSort (0ms)
			DisableScriptedObjects (0ms)
			BackupInstance (0ms)
			ReleaseScriptingObjects (0ms)
			CreateAndSetChildDomain (3ms)
		EndReloadAssembly (1049ms)
			LoadAssemblies (108ms)
			RebuildTransferFunctionScriptingTraits (0ms)
			SetupTypeCache (384ms)
			ReleaseScriptCaches (0ms)
			RebuildScriptCaches (66ms)
			SetupLoadedEditorAssemblies (502ms)
				LogAssemblyErrors (0ms)
				InitializePlatformSupportModulesInManaged (13ms)
				SetLoadedEditorAssemblies (0ms)
				RefreshPlugins (242ms)
				BeforeProcessingInitializeOnLoad (3ms)
				ProcessInitializeOnLoadAttributes (188ms)
				ProcessInitializeOnLoadMethodAttributes (56ms)
				AfterProcessingInitializeOnLoad (0ms)
				EditorAssembliesLoaded (0ms)
			ExecutionOrderSort2 (0ms)
			AwakeInstancesAfterBackupRestoration (0ms)
Platform modules already initialized, skipping
Registering precompiled user dll's ...
Registered in 0.009183 seconds.
Begin MonoManager ReloadAssembly
Symbol file LoadedFromMemory doesn't match image D:\practice\Unity_2D_Game\2D Game 2\Library\PackageCache\com.unity.visualscripting@1.6.1\Editor\VisualScripting.Core\Dependencies\YamlDotNet\Unity.VisualScripting.YamlDotNet.dll
Symbol file LoadedFromMemory doesn't match image D:\practice\Unity_2D_Game\2D Game 2\Library\PackageCache\com.unity.visualscripting@1.6.1\Editor\VisualScripting.Core\Dependencies\DotNetZip\Unity.VisualScripting.IonicZip.dll
Native extension for WindowsStandalone target not found
Native extension for WebGL target not found
Refreshing native plugins compatible for Editor in 258.08 ms, found 4 plugins.
Preloading 0 native plugins for Editor in 0.00 ms.
Mono: successfully reloaded assembly
- Completed reload, in  2.833 seconds
Domain Reload Profiling:
	ReloadAssembly (2834ms)
		BeginReloadAssembly (314ms)
			ExecutionOrderSort (0ms)
			DisableScriptedObjects (10ms)
			BackupInstance (0ms)
			ReleaseScriptingObjects (0ms)
			CreateAndSetChildDomain (40ms)
		EndReloadAssembly (2410ms)
			LoadAssemblies (193ms)
			RebuildTransferFunctionScriptingTraits (0ms)
			SetupTypeCache (841ms)
			ReleaseScriptCaches (3ms)
			RebuildScriptCaches (154ms)
			SetupLoadedEditorAssemblies (998ms)
				LogAssemblyErrors (0ms)
				InitializePlatformSupportModulesInManaged (7ms)
				SetLoadedEditorAssemblies (0ms)
				RefreshPlugins (258ms)
				BeforeProcessingInitializeOnLoad (146ms)
				ProcessInitializeOnLoadAttributes (552ms)
				ProcessInitializeOnLoadMethodAttributes (31ms)
				AfterProcessingInitializeOnLoad (3ms)
				EditorAssembliesLoaded (0ms)
			ExecutionOrderSort2 (0ms)
			AwakeInstancesAfterBackupRestoration (9ms)
Platform modules already initialized, skipping
========================================================================
Worker process is ready to serve import requests
Launched and connected shader compiler UnityShaderCompiler.exe after 0.12 seconds
Refreshing native plugins compatible for Editor in 43.54 ms, found 4 plugins.
Preloading 0 native plugins for Editor in 0.00 ms.
Unloading 3678 Unused Serialized files (Serialized files now loaded: 0)
System memory in use before: 213.2 MB.
System memory in use after: 213.3 MB.

Unloading 37 unused Assets to reduce memory usage. Loaded Objects now: 4130.
Total: 23.953600 ms (FindLiveObjects: 13.901500 ms CreateObjectMapping: 0.532500 ms MarkObjects: 6.904700 ms  DeleteObjects: 2.612800 ms)

AssetImportParameters requested are different than current active one (requested -> active):
  custom:framework-win-MediaFoundation: 216162199b28c13a410421893ffa2e32 -> 
  custom:video-decoder-ogg-theora: a1e56fd34408186e4bbccfd4996cb3dc -> 
  custom:container-muxer-webm: aa71ff27fc2769a1b78a27578f13a17b -> 
  custom:container-demuxer-webm: 4f35f7cbe854078d1ac9338744f61a02 -> 
  custom:container-demuxer-ogg: 62fdf1f143b41e24485cea50d1cbac27 -> 
  custom:video-encoder-webm-vp8: eb34c28f22e8b96e1ab97ce403110664 -> 
  custom:video-codec-MediaFoundation-h265: 746d11721c4dcdbdad8f713fa42b33f4 -> 
  custom:video-decoder-webm-vp8: 9c59270c3fd7afecdb556c50c9e8de78 -> 
  custom:audio-decoder-ogg-vorbis: bf7c407c2cedff20999df2af8eb42d56 -> 
  custom:audio-encoder-webm-vorbis: bf7c407c2cedff20999df2af8eb42d56 -> 
========================================================================
Received Import Request.
  path: Assets/Scripts/car.cs
  artifactKey: Guid(e137ee4f88764ec4b9735a894fe4ea8a) Importer(815301076,1909f56bfc062723c751e8b465ee728b)
Start importing Assets/Scripts/car.cs using Guid(e137ee4f88764ec4b9735a894fe4ea8a) Importer(815301076,1909f56bfc062723c751e8b465ee728b)  -> (artifact id: '57489963a9be5f2a3f361ca4eb6008db') in 0.085800 seconds 
========================================================================
Received Import Request.
  Time since last request: 130.462298 seconds.
  path: Assets/Scripts/car.cs
  artifactKey: Guid(e137ee4f88764ec4b9735a894fe4ea8a) Importer(815301076,1909f56bfc062723c751e8b465ee728b)
Start importing Assets/Scripts/car.cs using Guid(e137ee4f88764ec4b9735a894fe4ea8a) Importer(815301076,1909f56bfc062723c751e8b465ee728b)  -> (artifact id: 'c8ce5c00d520c2cb545ea37c19b96dd1') in 0.032564 seconds 
========================================================================
Received Import Request.
  Time since last request: 25.849953 seconds.
  path: Assets/Scripts/car.cs
  artifactKey: Guid(e137ee4f88764ec4b9735a894fe4ea8a) Importer(815301076,1909f56bfc062723c751e8b465ee728b)
Start importing Assets/Scripts/car.cs using Guid(e137ee4f88764ec4b9735a894fe4ea8a) Importer(815301076,1909f56bfc062723c751e8b465ee728b)  -> (artifact id: '73956bf6d0aaf93c5c32c6e443da87f3') in 0.023423 seconds 
========================================================================
Received Import Request.
  Time since last request: 117.262704 seconds.
  path: Assets/Scripts/car.cs
  artifactKey: Guid(e137ee4f88764ec4b9735a894fe4ea8a) Importer(815301076,1909f56bfc062723c751e8b465ee728b)
Start importing Assets/Scripts/car.cs using Guid(e137ee4f88764ec4b9735a894fe4ea8a) Importer(815301076,1909f56bfc062723c751e8b465ee728b)  -> (artifact id: '3557dd4267be155296984ee1e66456ab') in 0.005453 seconds 
========================================================================
Received Import Request.
  Time since last request: 737.037384 seconds.
  path: Assets/Scripts/car.cs
  artifactKey: Guid(e137ee4f88764ec4b9735a894fe4ea8a) Importer(815301076,1909f56bfc062723c751e8b465ee728b)
Start importing Assets/Scripts/car.cs using Guid(e137ee4f88764ec4b9735a894fe4ea8a) Importer(815301076,1909f56bfc062723c751e8b465ee728b)  -> (artifact id: '4722ba0d7fb3d325ad4f6b1a86bf3e34') in 0.023364 seconds 
========================================================================
Received Import Request.
  Time since last request: 174.643057 seconds.
  path: Assets/Scripts/car.cs
  artifactKey: Guid(e137ee4f88764ec4b9735a894fe4ea8a) Importer(815301076,1909f56bfc062723c751e8b465ee728b)
Start importing Assets/Scripts/car.cs using Guid(e137ee4f88764ec4b9735a894fe4ea8a) Importer(815301076,1909f56bfc062723c751e8b465ee728b)  -> (artifact id: '32c3a8535d3ea6e9a336a20d27754d83') in 0.014934 seconds 
========================================================================
Received Import Request.
  Time since last request: 2899.765619 seconds.
  path: Assets/Scripts/Player.cs
  artifactKey: Guid(eb690f8e58512ad46b6144b2fd1c06ff) Importer(815301076,1909f56bfc062723c751e8b465ee728b)
Start importing Assets/Scripts/Player.cs using Guid(eb690f8e58512ad46b6144b2fd1c06ff) Importer(815301076,1909f56bfc062723c751e8b465ee728b)  -> (artifact id: '56eeaa2853ed48d6cebaf1b2dbfffd82') in 0.047213 seconds 
========================================================================
Received Import Request.
  Time since last request: 3926.361263 seconds.
  path: Assets/New Folder
  artifactKey: Guid(91a7ac7cabfcf27419ce0b46e90146c6) Importer(815301076,1909f56bfc062723c751e8b465ee728b)
Start importing Assets/New Folder using Guid(91a7ac7cabfcf27419ce0b46e90146c6) Importer(815301076,1909f56bfc062723c751e8b465ee728b)  -> (artifact id: '24a4ae6f94b1f89621f9ba792faddb07') in 0.275880 seconds 
========================================================================
Received Import Request.
  Time since last request: 24.911564 seconds.
  path: Assets/API.cs
  artifactKey: Guid(19b481f8842743844bc7dde6e9e94fdb) Importer(815301076,1909f56bfc062723c751e8b465ee728b)
Start importing Assets/API.cs using Guid(19b481f8842743844bc7dde6e9e94fdb) Importer(815301076,1909f56bfc062723c751e8b465ee728b)  -> (artifact id: 'aed17f9e2f94b102621565d195b0113b') in 0.363436 seconds 
========================================================================
Received Import Request.
  Time since last request: 496.148815 seconds.
  path: Assets/API.cs
  artifactKey: Guid(19b481f8842743844bc7dde6e9e94fdb) Importer(815301076,1909f56bfc062723c751e8b465ee728b)
Start importing Assets/API.cs using Guid(19b481f8842743844bc7dde6e9e94fdb) Importer(815301076,1909f56bfc062723c751e8b465ee728b)  -> (artifact id: '054eb5092b4a173622654ab1aff0fd09') in 0.020200 seconds 
========================================================================
Received Import Request.
  Time since last request: 27.990208 seconds.
  path: Assets/APIStatic.cs
  artifactKey: Guid(19b481f8842743844bc7dde6e9e94fdb) Importer(815301076,1909f56bfc062723c751e8b465ee728b)
Start importing Assets/APIStatic.cs using Guid(19b481f8842743844bc7dde6e9e94fdb) Importer(815301076,1909f56bfc062723c751e8b465ee728b)  -> (artifact id: '9425a061d5db2c9470dffdfd9b07def2') in 1.814257 seconds 
========================================================================
Received Import Request.
  Time since last request: 9184.344813 seconds.
  path: Assets/SceneController.cs
  artifactKey: Guid(b4802156000c66d4190c1085ec3ed41f) Importer(815301076,1909f56bfc062723c751e8b465ee728b)
Start importing Assets/SceneController.cs using Guid(b4802156000c66d4190c1085ec3ed41f) Importer(815301076,1909f56bfc062723c751e8b465ee728b)  -> (artifact id: 'b3586f8d62da340f8191a1b7b7c5ac21') in 0.038349 seconds 
========================================================================
Received Import Request.
  Time since last request: 0.049531 seconds.
  path: Assets/SceneController.cs
  artifactKey: Guid(b4802156000c66d4190c1085ec3ed41f) Importer(815301076,1909f56bfc062723c751e8b465ee728b)
Start importing Assets/SceneController.cs using Guid(b4802156000c66d4190c1085ec3ed41f) Importer(815301076,1909f56bfc062723c751e8b465ee728b)  -> (artifact id: 'b3586f8d62da340f8191a1b7b7c5ac21') in 0.049692 seconds 
========================================================================
Received Import Request.
  Time since last request: 275.312492 seconds.
  path: Assets/SceneController.cs
  artifactKey: Guid(b4802156000c66d4190c1085ec3ed41f) Importer(815301076,1909f56bfc062723c751e8b465ee728b)
Start importing Assets/SceneController.cs using Guid(b4802156000c66d4190c1085ec3ed41f) Importer(815301076,1909f56bfc062723c751e8b465ee728b)  -> (artifact id: 'c92f45990bf46939b312c7247dc12e2a') in 0.042222 seconds 
========================================================================
Received Import Request.
  Time since last request: 71.523593 seconds.
  path: Assets/SceneController.cs
  artifactKey: Guid(b4802156000c66d4190c1085ec3ed41f) Importer(815301076,1909f56bfc062723c751e8b465ee728b)
Start importing Assets/SceneController.cs using Guid(b4802156000c66d4190c1085ec3ed41f) Importer(815301076,1909f56bfc062723c751e8b465ee728b)  -> (artifact id: 'e8ff2a716920d7eafc9f21f166baad62') in 0.003390 seconds 
========================================================================
Received Import Request.
  Time since last request: 142.667961 seconds.
  path: Assets/SceneController.cs
  artifactKey: Guid(b4802156000c66d4190c1085ec3ed41f) Importer(815301076,1909f56bfc062723c751e8b465ee728b)
Start importing Assets/SceneController.cs using Guid(b4802156000c66d4190c1085ec3ed41f) Importer(815301076,1909f56bfc062723c751e8b465ee728b)  -> (artifact id: '8e3d802af845f578320f3b7235116573') in 0.150714 seconds 
AssetImportWorkerClient::OnTransportError - code=2 error=End of file
